<?xml version="1.0" encoding="UTF-8"?>
<coverage generated="1540446211424" clover="3.2.0">
  <project timestamp="1540446211425" name="All files">
    <metrics statements="21" coveredstatements="21" conditionals="29" coveredconditionals="29" methods="5" coveredmethods="5" elements="55" coveredelements="55" complexity="0" loc="21" ncloc="21" packages="2" files="5" classes="5">
      <package name="Enums">
        <metrics statements="7" coveredstatements="7" conditionals="2" coveredconditionals="2" methods="1" coveredmethods="1"/>
        <file name="UUIDVersions.ts" path="C:\Users\furkle\Documents\big-uuid\src\Enums\UUIDVersions.ts">
          <metrics statements="7" coveredstatements="7" conditionals="2" coveredconditionals="2" methods="1" coveredmethods="1"/>
          <line num="1" count="2" type="cond" truecount="2" falsecount="0"/>
          <line num="2" count="2" type="stmt"/>
          <line num="3" count="2" type="stmt"/>
          <line num="4" count="2" type="stmt"/>
          <line num="5" count="2" type="stmt"/>
          <line num="6" count="2" type="stmt"/>
          <line num="9" count="2" type="stmt"/>
        </file>
      </package>
      <package name="TypeGuards">
        <metrics statements="14" coveredstatements="14" conditionals="27" coveredconditionals="27" methods="4" coveredmethods="4"/>
        <file name="isUUID.ts" path="C:\Users\furkle\Documents\big-uuid\src\TypeGuards\isUUID.ts">
          <metrics statements="3" coveredstatements="3" conditionals="13" coveredconditionals="13" methods="1" coveredmethods="1"/>
          <line num="5" count="1" type="stmt"/>
          <line num="6" count="17" type="stmt"/>
          <line num="23" count="1" type="stmt"/>
        </file>
        <file name="isUUIDOptions.ts" path="C:\Users\furkle\Documents\big-uuid\src\TypeGuards\isUUIDOptions.ts">
          <metrics statements="4" coveredstatements="4" conditionals="6" coveredconditionals="6" methods="1" coveredmethods="1"/>
          <line num="1" count="1" type="stmt"/>
          <line num="8" count="1" type="stmt"/>
          <line num="9" count="7" type="stmt"/>
          <line num="19" count="1" type="stmt"/>
        </file>
        <file name="isUUIDVersion.ts" path="C:\Users\furkle\Documents\big-uuid\src\TypeGuards\isUUIDVersion.ts">
          <metrics statements="4" coveredstatements="4" conditionals="0" coveredconditionals="0" methods="1" coveredmethods="1"/>
          <line num="4" count="2" type="stmt"/>
          <line num="8" count="2" type="stmt"/>
          <line num="9" count="5" type="stmt"/>
          <line num="12" count="2" type="stmt"/>
        </file>
        <file name="isValidLastResults.ts" path="C:\Users\furkle\Documents\big-uuid\src\TypeGuards\isValidLastResults.ts">
          <metrics statements="3" coveredstatements="3" conditionals="8" coveredconditionals="8" methods="1" coveredmethods="1"/>
          <line num="5" count="1" type="stmt"/>
          <line num="6" count="10" type="stmt"/>
          <line num="18" count="1" type="stmt"/>
        </file>
      </package>
    </metrics>
  </project>
</coverage>
