{"C:\\Users\\furkle\\Documents\\big-uuid\\src\\Enums\\UUIDVersions.ts": {"path":"C:\\Users\\furkle\\Documents\\big-uuid\\src\\Enums\\UUIDVersions.ts","statementMap":{"0":{"start":{"line":1,"column":0},"end":{"line":7,"column":1}},"1":{"start":{"line":2,"column":2},"end":{"line":2,"column":13}},"2":{"start":{"line":3,"column":2},"end":{"line":3,"column":11}},"3":{"start":{"line":4,"column":2},"end":{"line":4,"column":13}},"4":{"start":{"line":5,"column":2},"end":{"line":5,"column":12}},"5":{"start":{"line":6,"column":2},"end":{"line":6,"column":12}},"6":{"start":{"line":9,"column":0},"end":{"line":9,"column":28}}},"fnMap":{"0":{"name":"(anonymous_0)","decl":{"start":{"line":1,"column":0},"end":{"line":1,"column":11}},"loc":{"start":{"line":1,"column":24},"end":{"line":7,"column":1}}}},"branchMap":{"0":{"loc":{"start":{"line":1,"column":12},"end":{"line":1,"column":24}},"type":"binary-expr","locations":[{"start":{"line":1,"column":12},"end":{"line":1,"column":24}},{"start":{"line":1,"column":12},"end":{"line":1,"column":24}}]}},"s":{"0":2,"1":2,"2":2,"3":2,"4":2,"5":2,"6":2},"f":{"0":2},"b":{"0":[2,2]}}
,"C:\\Users\\furkle\\Documents\\big-uuid\\src\\TypeGuards\\isUUID.ts": {"path":"C:\\Users\\furkle\\Documents\\big-uuid\\src\\TypeGuards\\isUUID.ts","statementMap":{"0":{"start":{"line":5,"column":13},"end":{"line":21,"column":2}},"1":{"start":{"line":6,"column":2},"end":{"line":20,"column":3}},"2":{"start":{"line":23,"column":0},"end":{"line":23,"column":22}}},"fnMap":{"0":{"name":"(anonymous_0)","decl":{"start":{"line":5,"column":22},"end":{"line":5,"column":23}},"loc":{"start":{"line":6,"column":2},"end":{"line":20,"column":3}}}},"branchMap":{"0":{"loc":{"start":{"line":7,"column":4},"end":{"line":7,"column":29}},"type":"binary-expr","locations":[{"start":{"line":7,"column":4},"end":{"line":7,"column":29}},{"start":{"line":8,"column":4},"end":{"line":8,"column":9}},{"start":{"line":9,"column":4},"end":{"line":9,"column":17}},{"start":{"line":10,"column":4},"end":{"line":10,"column":19}},{"start":{"line":11,"column":4},"end":{"line":11,"column":17}},{"start":{"line":12,"column":4},"end":{"line":12,"column":17}},{"start":{"line":13,"column":4},"end":{"line":13,"column":18}},{"start":{"line":14,"column":4},"end":{"line":14,"column":28}},{"start":{"line":15,"column":4},"end":{"line":15,"column":23}},{"start":{"line":16,"column":4},"end":{"line":16,"column":38}},{"start":{"line":17,"column":4},"end":{"line":17,"column":26}},{"start":{"line":18,"column":4},"end":{"line":18,"column":24}},{"start":{"line":19,"column":4},"end":{"line":19,"column":40}}]}},"s":{"0":1,"1":17,"2":1},"f":{"0":17},"b":{"0":[17,16,15,14,12,10,9,8,7,6,5,4,3]}}
,"C:\\Users\\furkle\\Documents\\big-uuid\\src\\TypeGuards\\isUUIDOptions.ts": {"path":"C:\\Users\\furkle\\Documents\\big-uuid\\src\\TypeGuards\\isUUIDOptions.ts","statementMap":{"0":{"start":{"line":1,"column":0},"end":{"line":3,"column":24}},"1":{"start":{"line":8,"column":13},"end":{"line":17,"column":2}},"2":{"start":{"line":9,"column":2},"end":{"line":16,"column":3}},"3":{"start":{"line":19,"column":0},"end":{"line":19,"column":29}}},"fnMap":{"0":{"name":"(anonymous_0)","decl":{"start":{"line":8,"column":29},"end":{"line":8,"column":30}},"loc":{"start":{"line":9,"column":2},"end":{"line":16,"column":3}}}},"branchMap":{"0":{"loc":{"start":{"line":10,"column":4},"end":{"line":10,"column":29}},"type":"binary-expr","locations":[{"start":{"line":10,"column":4},"end":{"line":10,"column":29}},{"start":{"line":11,"column":4},"end":{"line":11,"column":9}},{"start":{"line":12,"column":4},"end":{"line":12,"column":32}},{"start":{"line":13,"column":4},"end":{"line":13,"column":51}},{"start":{"line":14,"column":4},"end":{"line":14,"column":52}},{"start":{"line":15,"column":4},"end":{"line":15,"column":47}}]}},"s":{"0":1,"1":1,"2":7,"3":1},"f":{"0":7},"b":{"0":[7,6,5,4,3,2]}}
,"C:\\Users\\furkle\\Documents\\big-uuid\\src\\TypeGuards\\isUUIDVersion.ts": {"path":"C:\\Users\\furkle\\Documents\\big-uuid\\src\\TypeGuards\\isUUIDVersion.ts","statementMap":{"0":{"start":{"line":4,"column":0},"end":{"line":6,"column":30}},"1":{"start":{"line":8,"column":13},"end":{"line":10,"column":2}},"2":{"start":{"line":9,"column":2},"end":{"line":9,"column":64}},"3":{"start":{"line":12,"column":0},"end":{"line":12,"column":29}}},"fnMap":{"0":{"name":"(anonymous_0)","decl":{"start":{"line":8,"column":29},"end":{"line":8,"column":30}},"loc":{"start":{"line":9,"column":2},"end":{"line":9,"column":64}}}},"branchMap":{},"s":{"0":2,"1":2,"2":5,"3":2},"f":{"0":5},"b":{}}
,"C:\\Users\\furkle\\Documents\\big-uuid\\src\\TypeGuards\\isValidLastResults.ts": {"path":"C:\\Users\\furkle\\Documents\\big-uuid\\src\\TypeGuards\\isValidLastResults.ts","statementMap":{"0":{"start":{"line":5,"column":13},"end":{"line":16,"column":2}},"1":{"start":{"line":6,"column":2},"end":{"line":15,"column":3}},"2":{"start":{"line":18,"column":0},"end":{"line":18,"column":34}}},"fnMap":{"0":{"name":"(anonymous_0)","decl":{"start":{"line":5,"column":34},"end":{"line":5,"column":35}},"loc":{"start":{"line":6,"column":2},"end":{"line":15,"column":3}}}},"branchMap":{"0":{"loc":{"start":{"line":7,"column":4},"end":{"line":7,"column":29}},"type":"binary-expr","locations":[{"start":{"line":7,"column":4},"end":{"line":7,"column":29}},{"start":{"line":8,"column":4},"end":{"line":8,"column":9}},{"start":{"line":9,"column":4},"end":{"line":9,"column":38}},{"start":{"line":10,"column":4},"end":{"line":10,"column":36}},{"start":{"line":11,"column":4},"end":{"line":11,"column":39}},{"start":{"line":12,"column":4},"end":{"line":12,"column":37}},{"start":{"line":13,"column":4},"end":{"line":13,"column":34}},{"start":{"line":14,"column":4},"end":{"line":14,"column":32}}]}},"s":{"0":1,"1":10,"2":1},"f":{"0":10},"b":{"0":[10,9,8,7,6,4,3,2]}}
}
