TN:
SF:C:\Users\furkle\Documents\big-uuid\src\Enums\UUIDVersions.ts
FN:1,(anonymous_0)
FNF:1
FNH:1
FNDA:2,(anonymous_0)
DA:1,2
DA:2,2
DA:3,2
DA:4,2
DA:5,2
DA:6,2
DA:9,2
LF:7
LH:7
BRDA:1,0,0,2
BRDA:1,0,1,2
BRF:2
BRH:2
end_of_record
TN:
SF:C:\Users\furkle\Documents\big-uuid\src\TypeGuards\isUUID.ts
FN:5,(anonymous_0)
FNF:1
FNH:1
FNDA:17,(anonymous_0)
DA:5,1
DA:6,17
DA:23,1
LF:3
LH:3
BRDA:7,0,0,17
BRDA:7,0,1,16
BRDA:7,0,2,15
BRDA:7,0,3,14
BRDA:7,0,4,12
BRDA:7,0,5,10
BRDA:7,0,6,9
BRDA:7,0,7,8
BRDA:7,0,8,7
BRDA:7,0,9,6
BRDA:7,0,10,5
BRDA:7,0,11,4
BRDA:7,0,12,3
BRF:13
BRH:13
end_of_record
TN:
SF:C:\Users\furkle\Documents\big-uuid\src\TypeGuards\isUUIDOptions.ts
FN:8,(anonymous_0)
FNF:1
FNH:1
FNDA:7,(anonymous_0)
DA:1,1
DA:8,1
DA:9,7
DA:19,1
LF:4
LH:4
BRDA:10,0,0,7
BRDA:10,0,1,6
BRDA:10,0,2,5
BRDA:10,0,3,4
BRDA:10,0,4,3
BRDA:10,0,5,2
BRF:6
BRH:6
end_of_record
TN:
SF:C:\Users\furkle\Documents\big-uuid\src\TypeGuards\isUUIDVersion.ts
FN:8,(anonymous_0)
FNF:1
FNH:1
FNDA:5,(anonymous_0)
DA:4,2
DA:8,2
DA:9,5
DA:12,2
LF:4
LH:4
BRF:0
BRH:0
end_of_record
TN:
SF:C:\Users\furkle\Documents\big-uuid\src\TypeGuards\isValidLastResults.ts
FN:5,(anonymous_0)
FNF:1
FNH:1
FNDA:10,(anonymous_0)
DA:5,1
DA:6,10
DA:18,1
LF:3
LH:3
BRDA:7,0,0,10
BRDA:7,0,1,9
BRDA:7,0,2,8
BRDA:7,0,3,7
BRDA:7,0,4,6
BRDA:7,0,5,4
BRDA:7,0,6,3
BRDA:7,0,7,2
BRF:8
BRH:8
end_of_record
